Arguments: 
  /data/data/com.termux/files/usr/bin/node /data/data/com.termux/files/usr/share/yarn/bin/yarn.js

PATH: 
  /data/data/com.termux/files/usr/bin

Yarn version: 
  1.22.19

Node version: 
  20.2.0

Platform: 
  android arm64

Trace: 
  Error: EPERM: operation not permitted, symlink '../../../acorn/bin/acorn' -> '/storage/emulated/0/Since 2020/animej/plg/node_modules/acorn-globals/node_modules/.bin/acorn'

npm manifest: 
  {
    "name": "SkyBot",
    "version": "1.0.0",
    "description": "Simple Telegram Bot ",
    "main": "system/index.js",
    "scripts": {
      "test": "echo \"Error: no test specified\" && exit 1"
    },
    "author": "ArifzynXD",
    "license": "ISC",
    "dependencies": {
      "@justalk/anime-api": "^3.0.0",
      "axios": "^1.6.2",
      "chalk": "^3.0.0",
      "cfonts": "^3.1.1",
      "cheerio": "^1.0.0-rc.12",
      "chokidar": "^3.5.3",
      "delay": "^6.0.0",
      "dotenv": "^16.3.1",
      "express": "^4.18.2",
      "file-type": "^16.3.0",
      "fs": "^0.0.1-security",
      "socket.io": "^4.5.4",
      "http": "^0.0.1-security",
      "path": "^0.12.7",
      "similarity": "^1.2.1",
      "syntax-error": "^1.4.0",
      "telegraf": "^4.15.0",
      "yt-search": "^2.10.4",
      "ytdl-core": "^4.11.5"
    }
  }

yarn manifest: 
  No manifest

Lockfile: 
  No lockfile
